SF:lib/pages/sign_up.dart
DA:6,5
DA:8,1
DA:9,1
DA:19,0
DA:21,0
DA:22,0
DA:23,0
DA:24,0
DA:25,0
DA:28,0
DA:29,0
DA:30,0
DA:31,0
DA:32,0
DA:34,0
DA:36,0
DA:37,0
DA:43,0
DA:49,0
DA:51,0
DA:54,0
DA:55,0
DA:60,0
DA:62,0
DA:63,0
DA:64,0
DA:66,0
DA:67,0
DA:68,0
DA:69,0
DA:71,0
DA:72,0
DA:73,0
DA:74,0
DA:76,0
DA:85,0
DA:86,0
DA:87,0
DA:89,0
DA:90,0
DA:91,0
DA:92,0
DA:93,0
DA:94,0
DA:96,0
DA:105,0
DA:106,0
DA:107,0
DA:108,0
DA:109,0
DA:110,0
DA:112,0
DA:121,0
DA:122,0
DA:123,0
DA:124,0
DA:125,0
DA:127,0
DA:129,0
DA:138,0
DA:139,0
DA:140,0
DA:141,0
DA:142,0
DA:144,0
DA:146,0
DA:155,0
DA:156,0
DA:157,0
DA:158,0
DA:160,0
DA:161,0
DA:162,0
DA:163,0
DA:164,0
DA:165,0
DA:169,0
DA:171,0
DA:180,0
DA:181,0
DA:183,0
DA:184,0
DA:185,0
DA:186,0
DA:188,0
DA:194,0
DA:195,0
DA:197,0
DA:201,0
DA:204,0
DA:205,0
DA:206,0
DA:209,0
DA:211,0
LF:94
LH:3
end_of_record
SF:lib/auth/auth_service.dart
DA:6,0
DA:12,0
DA:18,0
DA:19,0
DA:22,0
DA:23,0
DA:25,0
DA:28,0
DA:31,0
DA:35,0
DA:40,0
DA:45,0
DA:46,0
DA:48,0
DA:51,0
DA:54,0
LF:16
LH:0
end_of_record
SF:lib/firebase_options.dart
DA:18,0
DA:22,0
DA:23,0
DA:25,0
DA:27,0
DA:29,0
DA:31,0
DA:32,0
DA:37,0
LF:9
LH:0
end_of_record
SF:lib/main.dart
DA:10,0
DA:11,0
DA:13,0
DA:14,0
DA:16,0
DA:20,1
DA:22,1
DA:24,1
DA:25,1
DA:26,1
DA:27,0
DA:28,0
LF:12
LH:5
end_of_record
SF:lib/pages/loading.dart
DA:4,3
DA:6,1
DA:7,1
DA:11,1
DA:13,1
DA:15,1
DA:18,1
DA:19,2
DA:20,2
DA:24,1
DA:26,1
DA:27,1
DA:28,1
LF:13
LH:13
end_of_record
SF:lib/pages/log_in.dart
DA:6,3
DA:8,0
DA:9,0
DA:18,0
DA:20,0
DA:21,0
DA:22,0
DA:25,0
DA:26,0
DA:27,0
DA:30,0
DA:35,0
DA:37,0
DA:40,0
DA:41,0
DA:46,0
DA:48,0
DA:49,0
DA:51,0
DA:52,0
DA:53,0
DA:54,0
DA:56,0
DA:57,0
DA:58,0
DA:59,0
DA:61,0
DA:70,0
DA:71,0
DA:72,0
DA:74,0
DA:75,0
DA:76,0
DA:77,0
DA:79,0
DA:80,0
DA:82,0
DA:91,0
DA:92,0
DA:93,0
DA:94,0
DA:96,0
DA:98,0
DA:100,0
DA:109,0
DA:110,0
DA:112,0
DA:113,0
DA:114,0
DA:115,0
DA:116,0
DA:117,0
DA:121,0
DA:123,0
DA:131,0
DA:132,0
DA:134,0
DA:135,0
DA:136,0
DA:137,0
DA:139,0
DA:145,0
DA:146,0
DA:148,0
DA:157,0
DA:158,0
DA:159,0
DA:162,0
DA:164,0
LF:69
LH:1
end_of_record
SF:lib/pages/welcome.dart
DA:6,5
DA:8,2
DA:9,2
DA:13,2
DA:15,6
DA:16,6
DA:18,2
DA:19,2
DA:20,2
DA:21,2
DA:22,2
DA:23,2
DA:24,2
DA:25,2
DA:26,2
DA:27,2
DA:28,2
DA:31,4
DA:32,2
DA:34,2
DA:35,2
DA:36,2
DA:37,0
DA:38,0
DA:40,2
DA:41,2
DA:42,2
DA:46,2
DA:48,2
DA:56,2
DA:57,2
DA:59,2
DA:60,2
DA:61,2
DA:62,0
DA:63,0
DA:65,2
DA:66,2
DA:67,2
DA:71,2
DA:73,2
DA:81,2
DA:82,2
DA:84,2
DA:85,2
DA:86,2
DA:88,2
LF:47
LH:43
end_of_record
